Started GET "/" for 127.0.0.1 at 2023-12-06 12:42:17 -0300
  [1m[35m (1.0ms)[0m  [1m[35mCREATE TABLE "schema_migrations" ("version" varchar NOT NULL PRIMARY KEY)[0m
  [1m[35m (0.9ms)[0m  [1m[35mCREATE TABLE "ar_internal_metadata" ("key" varchar NOT NULL PRIMARY KEY, "value" varchar, "created_at" datetime(6) NOT NULL, "updated_at" datetime(6) NOT NULL)[0m
  [1m[36mActiveRecord::SchemaMigration Load (1.0ms)[0m  [1m[34mSELECT "schema_migrations"."version" FROM "schema_migrations" ORDER BY "schema_migrations"."version" ASC[0m
Processing by Rails::WelcomeController#index as HTML
  Rendering /home/renee/.rbenv/versions/3.2.2/lib/ruby/gems/3.2.0/gems/railties-7.1.2/lib/rails/templates/rails/welcome/index.html.erb
  Rendered /home/renee/.rbenv/versions/3.2.2/lib/ruby/gems/3.2.0/gems/railties-7.1.2/lib/rails/templates/rails/welcome/index.html.erb (Duration: 1.3ms | Allocations: 375)
Completed 200 OK in 36ms (Views: 12.4ms | ActiveRecord: 0.0ms | Allocations: 7745)


DEPRECATION WARNING: The factory_girl gem is deprecated. Please upgrade to factory_bot. See https://github.com/thoughtbot/factory_bot/blob/v4.9.0/UPGRADE_FROM_FACTORY_GIRL.md for further instructions. (called from <main> at bin/rails:4)
DEPRECATION WARNING: Calling warn on ActiveSupport::Deprecation is deprecated and will be removed from Rails (use your own Deprecation object instead) (called from <main> at bin/rails:4)
  [1m[36mActiveRecord::InternalMetadata Load (0.2ms)[0m  [1m[34mSELECT * FROM "ar_internal_metadata" WHERE "ar_internal_metadata"."key" = ? ORDER BY "ar_internal_metadata"."key" ASC LIMIT 1[0m  [[nil, "environment"]]
  [1m[36mActiveRecord::InternalMetadata Create (1.1ms)[0m  [1m[32mINSERT INTO "ar_internal_metadata" ("key", "value", "created_at", "updated_at") VALUES ('environment', 'development', '2023-12-06 15:59:20.896989', '2023-12-06 15:59:20.896995') RETURNING "key"[0m
  [1m[36mActiveRecord::SchemaMigration Load (0.1ms)[0m  [1m[34mSELECT "schema_migrations"."version" FROM "schema_migrations" ORDER BY "schema_migrations"."version" ASC[0m
Migrating to CreateActiveStorageTables (20231206154520)
  [1m[36mTRANSACTION (0.1ms)[0m  [1m[36mbegin transaction[0m
  [1m[35m (1.2ms)[0m  [1m[35mCREATE TABLE "active_storage_blobs" ("id" integer PRIMARY KEY AUTOINCREMENT NOT NULL, "key" varchar NOT NULL, "filename" varchar NOT NULL, "content_type" varchar, "metadata" text, "service_name" varchar NOT NULL, "byte_size" bigint NOT NULL, "checksum" varchar, "created_at" datetime(6) NOT NULL)[0m
  [1m[35m (0.1ms)[0m  [1m[35mCREATE UNIQUE INDEX "index_active_storage_blobs_on_key" ON "active_storage_blobs" ("key")[0m
  [1m[35m (0.2ms)[0m  [1m[35mCREATE TABLE "active_storage_attachments" ("id" integer PRIMARY KEY AUTOINCREMENT NOT NULL, "name" varchar NOT NULL, "record_type" varchar NOT NULL, "record_id" bigint NOT NULL, "blob_id" bigint NOT NULL, "created_at" datetime(6) NOT NULL, CONSTRAINT "fk_rails_c3b3935057"
FOREIGN KEY ("blob_id")
  REFERENCES "active_storage_blobs" ("id")
)[0m
  [1m[35m (0.1ms)[0m  [1m[35mCREATE INDEX "index_active_storage_attachments_on_blob_id" ON "active_storage_attachments" ("blob_id")[0m
  [1m[35m (0.2ms)[0m  [1m[35mCREATE UNIQUE INDEX "index_active_storage_attachments_uniqueness" ON "active_storage_attachments" ("record_type", "record_id", "name", "blob_id")[0m
  [1m[35m (0.2ms)[0m  [1m[35mCREATE TABLE "active_storage_variant_records" ("id" integer PRIMARY KEY AUTOINCREMENT NOT NULL, "blob_id" bigint NOT NULL, "variation_digest" varchar NOT NULL, CONSTRAINT "fk_rails_993965df05"
FOREIGN KEY ("blob_id")
  REFERENCES "active_storage_blobs" ("id")
)[0m
  [1m[35m (0.2ms)[0m  [1m[35mCREATE UNIQUE INDEX "index_active_storage_variant_records_uniqueness" ON "active_storage_variant_records" ("blob_id", "variation_digest")[0m
  [1m[36mActiveRecord::SchemaMigration Create (0.2ms)[0m  [1m[32mINSERT INTO "schema_migrations" ("version") VALUES ('20231206154520') RETURNING "version"[0m
  [1m[36mTRANSACTION (0.2ms)[0m  [1m[36mcommit transaction[0m
Migrating to CreateComplaints (20231206155910)
  [1m[36mTRANSACTION (0.1ms)[0m  [1m[36mbegin transaction[0m
  [1m[35m (1.8ms)[0m  [1m[35mCREATE TABLE "complaints" ("id" integer PRIMARY KEY AUTOINCREMENT NOT NULL, "type" varchar, "longitude" varchar, "latitude" varchar, "created_at" datetime(6) NOT NULL, "updated_at" datetime(6) NOT NULL)[0m
  [1m[36mActiveRecord::SchemaMigration Create (0.2ms)[0m  [1m[32mINSERT INTO "schema_migrations" ("version") VALUES ('20231206155910') RETURNING "version"[0m
  [1m[36mTRANSACTION (0.2ms)[0m  [1m[36mcommit transaction[0m
  [1m[36mActiveRecord::SchemaMigration Load (0.1ms)[0m  [1m[34mSELECT "schema_migrations"."version" FROM "schema_migrations" ORDER BY "schema_migrations"."version" ASC[0m
Started GET "/" for 127.0.0.1 at 2023-12-06 12:59:34 -0300
  [1m[36mActiveRecord::SchemaMigration Load (0.2ms)[0m  [1m[34mSELECT "schema_migrations"."version" FROM "schema_migrations" ORDER BY "schema_migrations"."version" ASC[0m
Processing by Rails::WelcomeController#index as HTML
  Rendering /home/renee/.rbenv/versions/3.2.2/lib/ruby/gems/3.2.0/gems/railties-7.1.2/lib/rails/templates/rails/welcome/index.html.erb
  Rendered /home/renee/.rbenv/versions/3.2.2/lib/ruby/gems/3.2.0/gems/railties-7.1.2/lib/rails/templates/rails/welcome/index.html.erb (Duration: 2.4ms | Allocations: 375)
Completed 200 OK in 30ms (Views: 15.7ms | ActiveRecord: 0.0ms | Allocations: 4196)


Started GET "/" for 127.0.0.1 at 2023-12-06 13:07:59 -0300
  [1m[36mActiveRecord::SchemaMigration Load (0.2ms)[0m  [1m[34mSELECT "schema_migrations"."version" FROM "schema_migrations" ORDER BY "schema_migrations"."version" ASC[0m
Processing by Rails::WelcomeController#index as HTML
  Rendering /home/renee/.rbenv/versions/3.2.2/lib/ruby/gems/3.2.0/gems/railties-7.1.2/lib/rails/templates/rails/welcome/index.html.erb
  Rendered /home/renee/.rbenv/versions/3.2.2/lib/ruby/gems/3.2.0/gems/railties-7.1.2/lib/rails/templates/rails/welcome/index.html.erb (Duration: 1.8ms | Allocations: 375)
Completed 200 OK in 40ms (Views: 7.2ms | ActiveRecord: 0.0ms | Allocations: 4199)


Started GET "/complaint" for 127.0.0.1 at 2023-12-06 13:08:11 -0300
  
ActionController::RoutingError (No route matches [GET] "/complaint"):
  
Started GET "/favicon.ico" for 127.0.0.1 at 2023-12-06 13:08:11 -0300
  
ActionController::RoutingError (No route matches [GET] "/favicon.ico"):
  
Started GET "/complaints" for 127.0.0.1 at 2023-12-06 13:08:17 -0300
Processing by ComplaintsController#index as HTML
  [1m[36mComplaint Load (0.2ms)[0m  [1m[34mSELECT "complaints".* FROM "complaints"[0m
  ↳ app/controllers/complaints_controller.rb:8:in `index'
Completed 200 OK in 38ms (Views: 0.8ms | ActiveRecord: 3.4ms | Allocations: 12097)


Started GET "/" for 127.0.0.1 at 2023-12-06 13:25:25 -0300
  [1m[36mActiveRecord::SchemaMigration Load (0.3ms)[0m  [1m[34mSELECT "schema_migrations"."version" FROM "schema_migrations" ORDER BY "schema_migrations"."version" ASC[0m
Processing by Rails::WelcomeController#index as HTML
  Rendering /home/renee/.rbenv/versions/3.2.2/lib/ruby/gems/3.2.0/gems/railties-7.1.2/lib/rails/templates/rails/welcome/index.html.erb
  Rendered /home/renee/.rbenv/versions/3.2.2/lib/ruby/gems/3.2.0/gems/railties-7.1.2/lib/rails/templates/rails/welcome/index.html.erb (Duration: 2.1ms | Allocations: 375)
Completed 200 OK in 66ms (Views: 10.0ms | ActiveRecord: 0.0ms | Allocations: 4199)


Started GET "/" for 127.0.0.1 at 2023-12-06 20:08:00 -0300
  [1m[36mActiveRecord::SchemaMigration Load (0.3ms)[0m  [1m[34mSELECT "schema_migrations"."version" FROM "schema_migrations" ORDER BY "schema_migrations"."version" ASC[0m
Processing by Rails::WelcomeController#index as HTML
  Rendering /home/renee/.rbenv/versions/3.2.2/lib/ruby/gems/3.2.0/gems/railties-7.1.2/lib/rails/templates/rails/welcome/index.html.erb
  Rendered /home/renee/.rbenv/versions/3.2.2/lib/ruby/gems/3.2.0/gems/railties-7.1.2/lib/rails/templates/rails/welcome/index.html.erb (Duration: 1.8ms | Allocations: 375)
Completed 200 OK in 18ms (Views: 7.5ms | ActiveRecord: 0.0ms | Allocations: 4196)


Started GET "/complaints" for ::1 at 2023-12-06 20:35:42 -0300
Processing by ComplaintsController#index as */*
  [1m[36mComplaint Load (0.5ms)[0m  [1m[34mSELECT "complaints".* FROM "complaints"[0m
  ↳ app/controllers/complaints_controller.rb:8:in `index'
Completed 200 OK in 68ms (Views: 2.5ms | ActiveRecord: 8.3ms | Allocations: 8642)


Started POST "/complaints" for ::1 at 2023-12-06 20:42:49 -0300
Processing by ComplaintsController#create as */*
Completed 400 Bad Request in 2ms (ActiveRecord: 0.0ms | Allocations: 155)


  
ActionController::ParameterMissing (param is missing or the value is empty: complaint):
  
app/controllers/complaints_controller.rb:49:in `complaint_params'
app/controllers/complaints_controller.rb:18:in `create'
Started POST "/complaints" for ::1 at 2023-12-06 20:44:18 -0300
Processing by ComplaintsController#create as */*
  Parameters: {"type"=>"reclamação", "longitude"=>"1234", "latitude"=>"654"}
Completed 400 Bad Request in 1ms (ActiveRecord: 0.0ms | Allocations: 98)


  
ActionController::ParameterMissing (param is missing or the value is empty: complaint):
  
app/controllers/complaints_controller.rb:49:in `complaint_params'
app/controllers/complaints_controller.rb:18:in `create'
Started GET "/complaints" for ::1 at 2023-12-06 20:44:52 -0300
Processing by ComplaintsController#index as */*
  [1m[36mComplaint Load (4.8ms)[0m  [1m[34mSELECT "complaints".* FROM "complaints"[0m
  ↳ app/controllers/complaints_controller.rb:8:in `index'
Completed 200 OK in 9ms (Views: 1.7ms | ActiveRecord: 6.9ms | Allocations: 853)


Started GET "/complaints" for ::1 at 2023-12-06 20:50:10 -0300
Processing by ComplaintsController#index as */*
  [1m[36mComplaint Load (3.7ms)[0m  [1m[34mSELECT "complaints".* FROM "complaints"[0m
  ↳ app/controllers/complaints_controller.rb:8:in `index'
Completed 200 OK in 9ms (Views: 2.2ms | ActiveRecord: 5.8ms | Allocations: 842)


Started POST "/complaints" for ::1 at 2023-12-06 20:50:51 -0300
Error occurred while parsing request parameters.
Contents:

{
    type: "Buraco"
}
Processing by ComplaintsController#create as */*
Completed 400 Bad Request in 1ms (ActiveRecord: 0.0ms | Allocations: 119)


  
ActionDispatch::Http::Parameters::ParseError (Error occurred while parsing request parameters):
  
app/controllers/complaints_controller.rb:49:in `complaint_params'
app/controllers/complaints_controller.rb:18:in `create'
Started GET "/controllers/complaints_controller.rb:18:in" for ::1 at 2023-12-06 20:52:09 -0300
  
ActionController::RoutingError (No route matches [GET] "/controllers/complaints_controller.rb:18:in"):
  
Started GET "/complaints" for ::1 at 2023-12-06 20:52:16 -0300
Processing by ComplaintsController#index as */*
  [1m[36mComplaint Load (0.9ms)[0m  [1m[34mSELECT "complaints".* FROM "complaints"[0m
  ↳ app/controllers/complaints_controller.rb:8:in `index'
Completed 200 OK in 23ms (Views: 4.4ms | ActiveRecord: 8.5ms | Allocations: 2400)


Started GET "/" for 127.0.0.1 at 2023-12-06 20:53:51 -0300
Processing by Rails::WelcomeController#index as HTML
  Rendering /home/renee/.rbenv/versions/3.2.2/lib/ruby/gems/3.2.0/gems/railties-7.1.2/lib/rails/templates/rails/welcome/index.html.erb
  Rendered /home/renee/.rbenv/versions/3.2.2/lib/ruby/gems/3.2.0/gems/railties-7.1.2/lib/rails/templates/rails/welcome/index.html.erb (Duration: 2.5ms | Allocations: 265)
Completed 200 OK in 8ms (Views: 5.3ms | ActiveRecord: 0.0ms | Allocations: 872)


Started GET "/complaints" for 127.0.0.1 at 2023-12-06 20:59:33 -0300
  [1m[36mActiveRecord::SchemaMigration Load (0.9ms)[0m  [1m[34mSELECT "schema_migrations"."version" FROM "schema_migrations" ORDER BY "schema_migrations"."version" ASC[0m
Processing by ComplaintsController#index as HTML
  [1m[36mComplaint Load (0.4ms)[0m  [1m[34mSELECT "complaints".* FROM "complaints"[0m
  ↳ app/controllers/complaints_controller.rb:8:in `index'
Completed 200 OK in 140ms (Views: 3.1ms | ActiveRecord: 6.7ms | Allocations: 10882)


Started POST "/complaints" for ::1 at 2023-12-06 21:01:29 -0300
Processing by ComplaintsController#create as */*
  Parameters: {"type"=>"Buraco", "complaint"=>{"type"=>"Buraco"}}
Completed 500 Internal Server Error in 3ms (ActiveRecord: 1.3ms | Allocations: 271)


  
ActiveRecord::SubclassNotFound (The single-table inheritance mechanism failed to locate the subclass: 'Buraco'. This error is raised because the column 'type' is reserved for storing the class in case of inheritance. Please rename this column if you didn't intend it to be used for storing the inheritance class or overwrite Complaint.inheritance_column to use another column for that information.):
  
app/controllers/complaints_controller.rb:18:in `create'
Started POST "/complaints" for ::1 at 2023-12-06 21:05:26 -0300
Error occurred while parsing request parameters.
Contents:

{
    "type":"Buraco"
    "longitude":"1234"
    "latitude":"654321"
}
Processing by ComplaintsController#create as */*
Completed 400 Bad Request in 2ms (ActiveRecord: 0.0ms | Allocations: 122)


  
ActionDispatch::Http::Parameters::ParseError (Error occurred while parsing request parameters):
  
app/controllers/complaints_controller.rb:49:in `complaint_params'
app/controllers/complaints_controller.rb:18:in `create'
Started GET "/" for 127.0.0.1 at 2023-12-06 21:29:08 -0300
  [1m[36mActiveRecord::SchemaMigration Load (0.4ms)[0m  [1m[34mSELECT "schema_migrations"."version" FROM "schema_migrations" ORDER BY "schema_migrations"."version" ASC[0m
Processing by Rails::WelcomeController#index as HTML
  Rendering /home/renee/.rbenv/versions/3.2.2/lib/ruby/gems/3.2.0/gems/railties-7.1.2/lib/rails/templates/rails/welcome/index.html.erb
  Rendered /home/renee/.rbenv/versions/3.2.2/lib/ruby/gems/3.2.0/gems/railties-7.1.2/lib/rails/templates/rails/welcome/index.html.erb (Duration: 2.0ms | Allocations: 375)
Completed 200 OK in 54ms (Views: 21.2ms | ActiveRecord: 0.0ms | Allocations: 4196)


Started POST "/complaints" for ::1 at 2023-12-06 21:29:15 -0300
Error occurred while parsing request parameters.
Contents:

{
    "type":"Buraco"
    "longitude":"1234"
    "latitude":"654321"
}
Processing by ComplaintsController#create as */*
Completed 400 Bad Request in 1ms (ActiveRecord: 0.0ms | Allocations: 245)


  
ActionDispatch::Http::Parameters::ParseError (Error occurred while parsing request parameters):
  
app/controllers/complaints_controller.rb:49:in `complaint_params'
app/controllers/complaints_controller.rb:18:in `create'
